<?xml version="1.0" encoding="UTF-8"?>
<testng-results ignored="0" total="1" passed="1" failed="0" skipped="0">
  <reporter-output>
  </reporter-output>
  <suite started-at="2024-08-21T16:21:46 IST" name="Default suite" finished-at="2024-08-21T16:21:59 IST" duration-ms="13490">
    <groups>
    </groups>
    <test started-at="2024-08-21T16:21:46 IST" name="Default test" finished-at="2024-08-21T16:21:59 IST" duration-ms="13490">
      <class name="Task.search">
        <test-method is-config="true" signature="bt()[pri:0, instance:Task.search@55a147cc]" started-at="2024-08-21T16:21:46 IST" name="bt" finished-at="2024-08-21T16:21:55 IST" duration-ms="8808" status="PASS">
          <reporter-output>
          </reporter-output>
        </test-method> <!-- bt -->
        <test-method signature="tc1()[pri:0, instance:Task.search@55a147cc]" started-at="2024-08-21T16:21:55 IST" name="tc1" finished-at="2024-08-21T16:21:59 IST" duration-ms="4621" status="PASS">
          <reporter-output>
          </reporter-output>
        </test-method> <!-- tc1 -->
      </class> <!-- Task.search -->
    </test> <!-- Default test -->
  </suite> <!-- Default suite -->
</testng-results>
